0 verbose cli C:\Program Files\nodejs\node.exe C:\Program Files\nodejs\node_modules\npm\bin\npm-cli.js
1 info using npm@11.13.0
2 info using node@v24.16.0
3 silly config load:file:C:\Program Files\nodejs\node_modules\npm\npmrc
4 silly config load:file:C:\Users\owenc\OneDrive\Documents\Stale Check Organizer\.npmrc
5 silly config load:file:C:\Users\owenc\.npmrc
6 silly config load:file:C:\Users\owenc\AppData\Roaming\npm\etc\npmrc
7 verbose title npm install
8 verbose argv "install"
9 verbose logfile logs-max:10 dir:C:\Users\owenc\OneDrive\Documents\Stale Check Organizer\.npm-cache\_logs\2026-06-23T23_14_52_428Z-
10 verbose logfile C:\Users\owenc\OneDrive\Documents\Stale Check Organizer\.npm-cache\_logs\2026-06-23T23_14_52_428Z-debug-0.log
11 silly logfile done cleaning log files
12 silly packumentCache heap:4496293888 maxSize:1124073472 maxEntrySize:562036736
13 verbose shrinkwrap failed to load node_modules/.package-lock.json out of date, updated: node_modules
14 silly idealTree buildDeps
15 silly fetch manifest @vitejs/plugin-react@^4.3.4
16 silly packumentCache full:https://registry.npmjs.org/@vitejs%2fplugin-react cache-miss
17 http cache https://registry.npmjs.org/@vitejs%2fplugin-react 50ms (cache hit)
18 silly packumentCache full:https://registry.npmjs.org/@vitejs%2fplugin-react set size:270584 disposed:false
19 silly fetch manifest vite@^5.4.21
20 silly packumentCache full:https://registry.npmjs.org/vite cache-miss
21 http cache https://registry.npmjs.org/vite 78ms (cache hit)
22 silly packumentCache full:https://registry.npmjs.org/vite set size:38875536 disposed:false
23 silly fetch manifest @types/node@^18.0.0 || >=20.0.0
24 silly packumentCache full:https://registry.npmjs.org/@types%2fnode cache-miss
25 http cache https://registry.npmjs.org/@types%2fnode 26ms (cache hit)
26 silly packumentCache full:https://registry.npmjs.org/@types%2fnode set size:11058934 disposed:false
27 silly fetch manifest less@*
28 silly packumentCache full:https://registry.npmjs.org/less cache-miss
29 http cache https://registry.npmjs.org/less 11ms (cache hit)
30 silly packumentCache full:https://registry.npmjs.org/less set size:476819 disposed:false
31 silly fetch manifest lightningcss@^1.21.0
32 silly packumentCache full:https://registry.npmjs.org/lightningcss cache-miss
33 http cache https://registry.npmjs.org/lightningcss 6ms (cache hit)
34 silly packumentCache full:https://registry.npmjs.org/lightningcss set size:186753 disposed:false
35 silly fetch manifest sass@*
36 silly packumentCache full:https://registry.npmjs.org/sass cache-miss
37 http cache https://registry.npmjs.org/sass 6ms (cache hit)
38 silly packumentCache full:https://registry.npmjs.org/sass set size:730445 disposed:false
39 silly fetch manifest sass-embedded@*
40 silly packumentCache full:https://registry.npmjs.org/sass-embedded cache-miss
41 http cache https://registry.npmjs.org/sass-embedded 7ms (cache hit)
42 silly packumentCache full:https://registry.npmjs.org/sass-embedded set size:419718 disposed:false
43 silly fetch manifest stylus@*
44 silly packumentCache full:https://registry.npmjs.org/stylus cache-miss
45 http cache https://registry.npmjs.org/stylus 7ms (cache hit)
46 silly packumentCache full:https://registry.npmjs.org/stylus set size:286766 disposed:false
47 silly fetch manifest sugarss@*
48 silly packumentCache full:https://registry.npmjs.org/sugarss cache-miss
49 http cache https://registry.npmjs.org/sugarss 6ms (cache hit)
50 silly packumentCache full:https://registry.npmjs.org/sugarss set size:44975 disposed:false
51 silly fetch manifest postcss@^8.5.6
52 silly packumentCache full:https://registry.npmjs.org/postcss cache-miss
53 http cache https://registry.npmjs.org/postcss 8ms (cache hit)
54 silly packumentCache full:https://registry.npmjs.org/postcss set size:723316 disposed:false
55 silly fetch manifest terser@^5.4.0
56 silly packumentCache full:https://registry.npmjs.org/terser cache-miss
57 http cache https://registry.npmjs.org/terser 8ms (cache hit)
58 silly packumentCache full:https://registry.npmjs.org/terser set size:803566 disposed:false
59 silly fetch manifest react@^18.3.1
60 silly packumentCache full:https://registry.npmjs.org/react cache-miss
61 http cache https://registry.npmjs.org/react 20ms (cache hit)
62 silly packumentCache full:https://registry.npmjs.org/react set size:6733629 disposed:false
63 silly fetch manifest react-dom@^18.3.1
64 silly packumentCache full:https://registry.npmjs.org/react-dom cache-miss
65 http cache https://registry.npmjs.org/react-dom 23ms (cache hit)
66 silly packumentCache full:https://registry.npmjs.org/react-dom set size:9003652 disposed:false
67 silly placeDep ROOT @vitejs/plugin-react@4.7.0 REPLACE for: stale-check-organizer@0.1.0 want: ^4.3.4
68 silly placeDep ROOT react@18.3.1 REPLACE for: stale-check-organizer@0.1.0 want: ^18.3.1
69 silly placeDep ROOT react-dom@18.3.1 REPLACE for: stale-check-organizer@0.1.0 want: ^18.3.1
70 silly placeDep ROOT vite@5.4.21 REPLACE for: stale-check-organizer@0.1.0 want: ^5.4.21
71 silly fetch manifest react-refresh@^0.17.0
72 silly packumentCache full:https://registry.npmjs.org/react-refresh cache-miss
73 silly fetch manifest @rolldown/pluginutils@1.0.0-beta.27
74 silly packumentCache full:https://registry.npmjs.org/@rolldown%2fpluginutils cache-miss
75 silly fetch manifest loose-envify@^1.1.0
76 silly packumentCache full:https://registry.npmjs.org/loose-envify cache-miss
77 silly fetch manifest scheduler@^0.23.2
78 silly packumentCache full:https://registry.npmjs.org/scheduler cache-miss
79 silly fetch manifest loose-envify@^1.1.0
80 silly packumentCache full:https://registry.npmjs.org/loose-envify cache-miss
81 silly fetch manifest esbuild@^0.21.3
82 silly packumentCache full:https://registry.npmjs.org/esbuild cache-miss
83 http cache https://registry.npmjs.org/@rolldown%2fpluginutils 33ms (cache hit)
84 silly packumentCache full:https://registry.npmjs.org/@rolldown%2fpluginutils set size:300388 disposed:false
85 http cache https://registry.npmjs.org/scheduler 49ms (cache hit)
86 silly packumentCache full:https://registry.npmjs.org/scheduler set size:5567206 disposed:false
87 http cache https://registry.npmjs.org/react-refresh 105ms (cache hit)
88 silly packumentCache full:https://registry.npmjs.org/react-refresh set size:6400676 disposed:false
89 http cache https://registry.npmjs.org/esbuild 164ms (cache hit)
90 silly packumentCache full:https://registry.npmjs.org/esbuild set size:1259608 disposed:false
91 http fetch GET 200 https://registry.npmjs.org/loose-envify 313ms (cache miss)
92 silly packumentCache full:https://registry.npmjs.org/loose-envify set size:undefined disposed:false
93 http fetch GET 200 https://registry.npmjs.org/loose-envify 315ms (cache miss)
94 silly packumentCache full:https://registry.npmjs.org/loose-envify set size:undefined disposed:false
95 silly placeDep ROOT @rolldown/pluginutils@1.0.0-beta.27 OK for: @vitejs/plugin-react@4.7.0 want: 1.0.0-beta.27
96 silly placeDep ROOT react-refresh@0.17.0 OK for: @vitejs/plugin-react@4.7.0 want: ^0.17.0
97 silly placeDep ROOT loose-envify@1.4.0 OK for: react@18.3.1 want: ^1.1.0
98 silly placeDep ROOT scheduler@0.23.2 OK for: react-dom@18.3.1 want: ^0.23.2
99 silly placeDep ROOT esbuild@0.21.5 OK for: vite@5.4.21 want: ^0.21.3
100 silly fetch manifest @esbuild/aix-ppc64@0.21.5
101 silly packumentCache full:https://registry.npmjs.org/@esbuild%2faix-ppc64 cache-miss
102 silly fetch manifest @esbuild/linux-arm@0.21.5
103 silly packumentCache full:https://registry.npmjs.org/@esbuild%2flinux-arm cache-miss
104 silly fetch manifest @esbuild/linux-x64@0.21.5
105 silly packumentCache full:https://registry.npmjs.org/@esbuild%2flinux-x64 cache-miss
106 silly fetch manifest @esbuild/sunos-x64@0.21.5
107 silly packumentCache full:https://registry.npmjs.org/@esbuild%2fsunos-x64 cache-miss
108 silly fetch manifest @esbuild/win32-x64@0.21.5
109 silly packumentCache full:https://registry.npmjs.org/@esbuild%2fwin32-x64 cache-miss
110 silly fetch manifest @esbuild/darwin-x64@0.21.5
111 silly packumentCache full:https://registry.npmjs.org/@esbuild%2fdarwin-x64 cache-miss
112 silly fetch manifest @esbuild/linux-ia32@0.21.5
113 silly packumentCache full:https://registry.npmjs.org/@esbuild%2flinux-ia32 cache-miss
114 silly fetch manifest @esbuild/netbsd-x64@0.21.5
115 silly packumentCache full:https://registry.npmjs.org/@esbuild%2fnetbsd-x64 cache-miss
116 silly fetch manifest @esbuild/win32-ia32@0.21.5
117 silly packumentCache full:https://registry.npmjs.org/@esbuild%2fwin32-ia32 cache-miss
118 silly fetch manifest @esbuild/android-arm@0.21.5
119 silly packumentCache full:https://registry.npmjs.org/@esbuild%2fandroid-arm cache-miss
120 silly fetch manifest @esbuild/android-x64@0.21.5
121 silly packumentCache full:https://registry.npmjs.org/@esbuild%2fandroid-x64 cache-miss
122 silly fetch manifest @esbuild/freebsd-x64@0.21.5
123 silly packumentCache full:https://registry.npmjs.org/@esbuild%2ffreebsd-x64 cache-miss
124 silly fetch manifest @esbuild/linux-arm64@0.21.5
125 silly packumentCache full:https://registry.npmjs.org/@esbuild%2flinux-arm64 cache-miss
126 silly fetch manifest @esbuild/linux-ppc64@0.21.5
127 silly packumentCache full:https://registry.npmjs.org/@esbuild%2flinux-ppc64 cache-miss
128 silly fetch manifest @esbuild/linux-s390x@0.21.5
129 silly packumentCache full:https://registry.npmjs.org/@esbuild%2flinux-s390x cache-miss
130 http cache https://registry.npmjs.org/@esbuild%2faix-ppc64 24ms (cache hit)
131 silly packumentCache full:https://registry.npmjs.org/@esbuild%2faix-ppc64 set size:65972 disposed:false
132 silly fetch manifest @esbuild/openbsd-x64@0.21.5
133 silly packumentCache full:https://registry.npmjs.org/@esbuild%2fopenbsd-x64 cache-miss
134 http cache https://registry.npmjs.org/@esbuild%2flinux-arm 26ms (cache hit)
135 silly packumentCache full:https://registry.npmjs.org/@esbuild%2flinux-arm set size:196784 disposed:false
136 silly fetch manifest @esbuild/win32-arm64@0.21.5
137 silly packumentCache full:https://registry.npmjs.org/@esbuild%2fwin32-arm64 cache-miss
138 http cache https://registry.npmjs.org/@esbuild%2flinux-ia32 26ms (cache hit)
139 silly packumentCache full:https://registry.npmjs.org/@esbuild%2flinux-ia32 set size:197805 disposed:false
140 silly fetch manifest @esbuild/darwin-arm64@0.21.5
141 silly packumentCache full:https://registry.npmjs.org/@esbuild%2fdarwin-arm64 cache-miss
142 http cache https://registry.npmjs.org/@esbuild%2fnetbsd-x64 29ms (cache hit)
143 silly packumentCache full:https://registry.npmjs.org/@esbuild%2fnetbsd-x64 set size:195514 disposed:false
144 silly fetch manifest @esbuild/android-arm64@0.21.5
145 silly packumentCache full:https://registry.npmjs.org/@esbuild%2fandroid-arm64 cache-miss
146 http cache https://registry.npmjs.org/@esbuild%2fsunos-x64 33ms (cache hit)
147 silly packumentCache full:https://registry.npmjs.org/@esbuild%2fsunos-x64 set size:197370 disposed:false
148 silly fetch manifest @esbuild/freebsd-arm64@0.21.5
149 silly packumentCache full:https://registry.npmjs.org/@esbuild%2ffreebsd-arm64 cache-miss
150 http cache https://registry.npmjs.org/@esbuild%2fdarwin-x64 36ms (cache hit)
151 silly packumentCache full:https://registry.npmjs.org/@esbuild%2fdarwin-x64 set size:197848 disposed:false
152 silly fetch manifest @esbuild/linux-loong64@0.21.5
153 silly packumentCache full:https://registry.npmjs.org/@esbuild%2flinux-loong64 cache-miss
154 http cache https://registry.npmjs.org/@esbuild%2fwin32-x64 39ms (cache hit)
155 silly packumentCache full:https://registry.npmjs.org/@esbuild%2fwin32-x64 set size:195722 disposed:false
156 silly fetch manifest @esbuild/linux-riscv64@0.21.5
157 silly packumentCache full:https://registry.npmjs.org/@esbuild%2flinux-riscv64 cache-miss
158 http cache https://registry.npmjs.org/@esbuild%2flinux-x64 42ms (cache hit)
159 silly packumentCache full:https://registry.npmjs.org/@esbuild%2flinux-x64 set size:197126 disposed:false
160 silly fetch manifest @esbuild/linux-mips64el@0.21.5
161 silly packumentCache full:https://registry.npmjs.org/@esbuild%2flinux-mips64el cache-miss
162 http cache https://registry.npmjs.org/@esbuild%2fandroid-arm 44ms (cache hit)
163 silly packumentCache full:https://registry.npmjs.org/@esbuild%2fandroid-arm set size:223400 disposed:false
164 http cache https://registry.npmjs.org/@esbuild%2ffreebsd-x64 46ms (cache hit)
165 silly packumentCache full:https://registry.npmjs.org/@esbuild%2ffreebsd-x64 set size:198734 disposed:false
166 http cache https://registry.npmjs.org/@esbuild%2fwin32-ia32 50ms (cache hit)
167 silly packumentCache full:https://registry.npmjs.org/@esbuild%2fwin32-ia32 set size:198030 disposed:false
168 http cache https://registry.npmjs.org/@esbuild%2flinux-arm64 51ms (cache hit)
169 silly packumentCache full:https://registry.npmjs.org/@esbuild%2flinux-arm64 set size:198939 disposed:false
170 http cache https://registry.npmjs.org/@esbuild%2fandroid-x64 53ms (cache hit)
171 silly packumentCache full:https://registry.npmjs.org/@esbuild%2fandroid-x64 set size:197200 disposed:false
172 http cache https://registry.npmjs.org/@esbuild%2flinux-ppc64 56ms (cache hit)
173 silly packumentCache full:https://registry.npmjs.org/@esbuild%2flinux-ppc64 set size:200994 disposed:false
174 http cache https://registry.npmjs.org/@esbuild%2flinux-s390x 57ms (cache hit)
175 silly packumentCache full:https://registry.npmjs.org/@esbuild%2flinux-s390x set size:200463 disposed:false
176 http cache https://registry.npmjs.org/@esbuild%2fopenbsd-x64 50ms (cache hit)
177 silly packumentCache full:https://registry.npmjs.org/@esbuild%2fopenbsd-x64 set size:198745 disposed:false
178 http cache https://registry.npmjs.org/@esbuild%2fwin32-arm64 51ms (cache hit)
179 silly packumentCache full:https://registry.npmjs.org/@esbuild%2fwin32-arm64 set size:199171 disposed:false
180 http cache https://registry.npmjs.org/@esbuild%2fandroid-arm64 48ms (cache hit)
181 silly packumentCache full:https://registry.npmjs.org/@esbuild%2fandroid-arm64 set size:202366 disposed:false
182 http cache https://registry.npmjs.org/@esbuild%2fdarwin-arm64 56ms (cache hit)
183 silly packumentCache full:https://registry.npmjs.org/@esbuild%2fdarwin-arm64 set size:199630 disposed:false
184 http cache https://registry.npmjs.org/@esbuild%2ffreebsd-arm64 53ms (cache hit)
185 silly packumentCache full:https://registry.npmjs.org/@esbuild%2ffreebsd-arm64 set size:200534 disposed:false
186 http cache https://registry.npmjs.org/@esbuild%2flinux-loong64 53ms (cache hit)
187 silly packumentCache full:https://registry.npmjs.org/@esbuild%2flinux-loong64 set size:253896 disposed:false
188 http cache https://registry.npmjs.org/@esbuild%2flinux-riscv64 53ms (cache hit)
189 silly packumentCache full:https://registry.npmjs.org/@esbuild%2flinux-riscv64 set size:200662 disposed:false
190 http cache https://registry.npmjs.org/@esbuild%2flinux-mips64el 52ms (cache hit)
191 silly packumentCache full:https://registry.npmjs.org/@esbuild%2flinux-mips64el set size:202764 disposed:false
192 silly placeDep ROOT @esbuild/aix-ppc64@0.21.5 OK for: esbuild@0.21.5 want: 0.21.5
193 silly placeDep ROOT @esbuild/android-arm@0.21.5 OK for: esbuild@0.21.5 want: 0.21.5
194 silly placeDep ROOT @esbuild/android-arm64@0.21.5 OK for: esbuild@0.21.5 want: 0.21.5
195 silly placeDep ROOT @esbuild/android-x64@0.21.5 OK for: esbuild@0.21.5 want: 0.21.5
196 silly placeDep ROOT @esbuild/darwin-arm64@0.21.5 OK for: esbuild@0.21.5 want: 0.21.5
197 silly placeDep ROOT @esbuild/darwin-x64@0.21.5 OK for: esbuild@0.21.5 want: 0.21.5
198 silly placeDep ROOT @esbuild/freebsd-arm64@0.21.5 OK for: esbuild@0.21.5 want: 0.21.5
199 silly placeDep ROOT @esbuild/freebsd-x64@0.21.5 OK for: esbuild@0.21.5 want: 0.21.5
200 silly placeDep ROOT @esbuild/linux-arm@0.21.5 OK for: esbuild@0.21.5 want: 0.21.5
201 silly placeDep ROOT @esbuild/linux-arm64@0.21.5 OK for: esbuild@0.21.5 want: 0.21.5
202 silly placeDep ROOT @esbuild/linux-ia32@0.21.5 OK for: esbuild@0.21.5 want: 0.21.5
203 silly placeDep ROOT @esbuild/linux-loong64@0.21.5 OK for: esbuild@0.21.5 want: 0.21.5
204 silly placeDep ROOT @esbuild/linux-mips64el@0.21.5 OK for: esbuild@0.21.5 want: 0.21.5
205 silly placeDep ROOT @esbuild/linux-ppc64@0.21.5 OK for: esbuild@0.21.5 want: 0.21.5
206 silly placeDep ROOT @esbuild/linux-riscv64@0.21.5 OK for: esbuild@0.21.5 want: 0.21.5
207 silly placeDep ROOT @esbuild/linux-s390x@0.21.5 OK for: esbuild@0.21.5 want: 0.21.5
208 silly placeDep ROOT @esbuild/linux-x64@0.21.5 OK for: esbuild@0.21.5 want: 0.21.5
209 silly placeDep ROOT @esbuild/netbsd-x64@0.21.5 OK for: esbuild@0.21.5 want: 0.21.5
210 silly placeDep ROOT @esbuild/openbsd-x64@0.21.5 OK for: esbuild@0.21.5 want: 0.21.5
211 silly placeDep ROOT @esbuild/sunos-x64@0.21.5 OK for: esbuild@0.21.5 want: 0.21.5
212 silly placeDep ROOT @esbuild/win32-arm64@0.21.5 OK for: esbuild@0.21.5 want: 0.21.5
213 silly placeDep ROOT @esbuild/win32-ia32@0.21.5 OK for: esbuild@0.21.5 want: 0.21.5
214 silly placeDep ROOT @esbuild/win32-x64@0.21.5 OK for: esbuild@0.21.5 want: 0.21.5
215 silly reify mark retired [
215 silly reify   'C:\\Users\\owenc\\OneDrive\\Documents\\Stale Check Organizer\\node_modules\\esbuild',
215 silly reify   'C:\\Users\\owenc\\OneDrive\\Documents\\Stale Check Organizer\\node_modules\\.bin\\esbuild',
215 silly reify   'C:\\Users\\owenc\\OneDrive\\Documents\\Stale Check Organizer\\node_modules\\.bin\\esbuild.cmd',
215 silly reify   'C:\\Users\\owenc\\OneDrive\\Documents\\Stale Check Organizer\\node_modules\\.bin\\esbuild.ps1'
215 silly reify ]
216 silly reify mark retired [
216 silly reify   'C:\\Users\\owenc\\OneDrive\\Documents\\Stale Check Organizer\\node_modules\\react-dom'
216 silly reify ]
217 silly reify mark retired [
217 silly reify   'C:\\Users\\owenc\\OneDrive\\Documents\\Stale Check Organizer\\node_modules\\react'
217 silly reify ]
218 silly reify mark retired [
218 silly reify   'C:\\Users\\owenc\\OneDrive\\Documents\\Stale Check Organizer\\node_modules\\react-refresh'
218 silly reify ]
219 silly reify mark retired [
219 silly reify   'C:\\Users\\owenc\\OneDrive\\Documents\\Stale Check Organizer\\node_modules\\scheduler'
219 silly reify ]
220 silly reify mark retired [
220 silly reify   'C:\\Users\\owenc\\OneDrive\\Documents\\Stale Check Organizer\\node_modules\\vite',
220 silly reify   'C:\\Users\\owenc\\OneDrive\\Documents\\Stale Check Organizer\\node_modules\\.bin\\vite',
220 silly reify   'C:\\Users\\owenc\\OneDrive\\Documents\\Stale Check Organizer\\node_modules\\.bin\\vite.cmd',
220 silly reify   'C:\\Users\\owenc\\OneDrive\\Documents\\Stale Check Organizer\\node_modules\\.bin\\vite.ps1'
220 silly reify ]
221 silly reify mark retired [
221 silly reify   'C:\\Users\\owenc\\OneDrive\\Documents\\Stale Check Organizer\\node_modules\\@esbuild\\win32-x64'
221 silly reify ]
222 silly reify mark retired [
222 silly reify   'C:\\Users\\owenc\\OneDrive\\Documents\\Stale Check Organizer\\node_modules\\@rolldown\\pluginutils'
222 silly reify ]
223 silly reify mark retired [
223 silly reify   'C:\\Users\\owenc\\OneDrive\\Documents\\Stale Check Organizer\\node_modules\\@vitejs\\plugin-react'
223 silly reify ]
224 silly reify moves {
224 silly reify   'C:\\Users\\owenc\\OneDrive\\Documents\\Stale Check Organizer\\node_modules\\esbuild': 'C:\\Users\\owenc\\OneDrive\\Documents\\Stale Check Organizer\\node_modules\\.esbuild-qIbs9lw8',
224 silly reify   'C:\\Users\\owenc\\OneDrive\\Documents\\Stale Check Organizer\\node_modules\\.bin\\esbuild': 'C:\\Users\\owenc\\OneDrive\\Documents\\Stale Check Organizer\\node_modules\\.bin\\.esbuild-xSkZjTqu',
224 silly reify   'C:\\Users\\owenc\\OneDrive\\Documents\\Stale Check Organizer\\node_modules\\.bin\\esbuild.cmd': 'C:\\Users\\owenc\\OneDrive\\Documents\\Stale Check Organizer\\node_modules\\.bin\\.esbuild.cmd-LDnrOLuA',
224 silly reify   'C:\\Users\\owenc\\OneDrive\\Documents\\Stale Check Organizer\\node_modules\\.bin\\esbuild.ps1': 'C:\\Users\\owenc\\OneDrive\\Documents\\Stale Check Organizer\\node_modules\\.bin\\.esbuild.ps1-axWcFTie',
224 silly reify   'C:\\Users\\owenc\\OneDrive\\Documents\\Stale Check Organizer\\node_modules\\react-dom': 'C:\\Users\\owenc\\OneDrive\\Documents\\Stale Check Organizer\\node_modules\\.react-dom-QBFuEFNs',
224 silly reify   'C:\\Users\\owenc\\OneDrive\\Documents\\Stale Check Organizer\\node_modules\\react': 'C:\\Users\\owenc\\OneDrive\\Documents\\Stale Check Organizer\\node_modules\\.react-rXmudTCD',
224 silly reify   'C:\\Users\\owenc\\OneDrive\\Documents\\Stale Check Organizer\\node_modules\\react-refresh': 'C:\\Users\\owenc\\OneDrive\\Documents\\Stale Check Organizer\\node_modules\\.react-refresh-iGmpiYlr',
224 silly reify   'C:\\Users\\owenc\\OneDrive\\Documents\\Stale Check Organizer\\node_modules\\scheduler': 'C:\\Users\\owenc\\OneDrive\\Documents\\Stale Check Organizer\\node_modules\\.scheduler-4oJTsCkB',
224 silly reify   'C:\\Users\\owenc\\OneDrive\\Documents\\Stale Check Organizer\\node_modules\\vite': 'C:\\Users\\owenc\\OneDrive\\Documents\\Stale Check Organizer\\node_modules\\.vite-kLqFPJFl',
224 silly reify   'C:\\Users\\owenc\\OneDrive\\Documents\\Stale Check Organizer\\node_modules\\.bin\\vite': 'C:\\Users\\owenc\\OneDrive\\Documents\\Stale Check Organizer\\node_modules\\.bin\\.vite-LDKOpZyF',
224 silly reify   'C:\\Users\\owenc\\OneDrive\\Documents\\Stale Check Organizer\\node_modules\\.bin\\vite.cmd': 'C:\\Users\\owenc\\OneDrive\\Documents\\Stale Check Organizer\\node_modules\\.bin\\.vite.cmd-rwYW6hE1',
224 silly reify   'C:\\Users\\owenc\\OneDrive\\Documents\\Stale Check Organizer\\node_modules\\.bin\\vite.ps1': 'C:\\Users\\owenc\\OneDrive\\Documents\\Stale Check Organizer\\node_modules\\.bin\\.vite.ps1-bvloo39q',
224 silly reify   'C:\\Users\\owenc\\OneDrive\\Documents\\Stale Check Organizer\\node_modules\\@esbuild\\win32-x64': 'C:\\Users\\owenc\\OneDrive\\Documents\\Stale Check Organizer\\node_modules\\@esbuild\\.win32-x64-Ykq3udsE',
224 silly reify   'C:\\Users\\owenc\\OneDrive\\Documents\\Stale Check Organizer\\node_modules\\@rolldown\\pluginutils': 'C:\\Users\\owenc\\OneDrive\\Documents\\Stale Check Organizer\\node_modules\\@rolldown\\.pluginutils-30DNPIeR',
224 silly reify   'C:\\Users\\owenc\\OneDrive\\Documents\\Stale Check Organizer\\node_modules\\@vitejs\\plugin-react': 'C:\\Users\\owenc\\OneDrive\\Documents\\Stale Check Organizer\\node_modules\\@vitejs\\.plugin-react-T3U4qMya'
224 silly reify }
225 silly audit bulk request {
225 silly audit   '@alloc/quick-lru': [ '5.2.0' ],
225 silly audit   '@babel/code-frame': [ '7.29.7' ],
225 silly audit   '@babel/compat-data': [ '7.29.7' ],
225 silly audit   '@babel/core': [ '7.29.7' ],
225 silly audit   '@babel/generator': [ '7.29.7' ],
225 silly audit   '@babel/helper-compilation-targets': [ '7.29.7' ],
225 silly audit   '@babel/helper-globals': [ '7.29.7' ],
225 silly audit   '@babel/helper-module-imports': [ '7.29.7' ],
225 silly audit   '@babel/helper-module-transforms': [ '7.29.7' ],
225 silly audit   '@babel/helper-plugin-utils': [ '7.29.7' ],
225 silly audit   '@babel/helper-string-parser': [ '7.29.7' ],
225 silly audit   '@babel/helper-validator-identifier': [ '7.29.7' ],
225 silly audit   '@babel/helper-validator-option': [ '7.29.7' ],
225 silly audit   '@babel/helpers': [ '7.29.7' ],
225 silly audit   '@babel/parser': [ '7.29.7' ],
225 silly audit   '@babel/plugin-transform-react-jsx-self': [ '7.29.7' ],
225 silly audit   '@babel/plugin-transform-react-jsx-source': [ '7.29.7' ],
225 silly audit   '@babel/template': [ '7.29.7' ],
225 silly audit   '@babel/traverse': [ '7.29.7' ],
225 silly audit   '@babel/types': [ '7.29.7' ],
225 silly audit   '@jridgewell/gen-mapping': [ '0.3.13' ],
225 silly audit   '@jridgewell/remapping': [ '2.3.5' ],
225 silly audit   '@jridgewell/resolve-uri': [ '3.1.2' ],
225 silly audit   '@jridgewell/sourcemap-codec': [ '1.5.5' ],
225 silly audit   '@jridgewell/trace-mapping': [ '0.3.31' ],
225 silly audit   '@nodelib/fs.scandir': [ '2.1.5' ],
225 silly audit   '@nodelib/fs.stat': [ '2.0.5' ],
225 silly audit   '@nodelib/fs.walk': [ '1.2.8' ],
225 silly audit   '@rollup/rollup-android-arm-eabi': [ '4.62.2' ],
225 silly audit   '@rollup/rollup-android-arm64': [ '4.62.2' ],
225 silly audit   '@rollup/rollup-darwin-arm64': [ '4.62.2' ],
225 silly audit   '@rollup/rollup-darwin-x64': [ '4.62.2' ],
225 silly audit   '@rollup/rollup-freebsd-arm64': [ '4.62.2' ],
225 silly audit   '@rollup/rollup-freebsd-x64': [ '4.62.2' ],
225 silly audit   '@rollup/rollup-linux-arm-gnueabihf': [ '4.62.2' ],
225 silly audit   '@rollup/rollup-linux-arm-musleabihf': [ '4.62.2' ],
225 silly audit   '@rollup/rollup-linux-arm64-gnu': [ '4.62.2' ],
225 silly audit   '@rollup/rollup-linux-arm64-musl': [ '4.62.2' ],
225 silly audit   '@rollup/rollup-linux-loong64-gnu': [ '4.62.2' ],
225 silly audit   '@rollup/rollup-linux-loong64-musl': [ '4.62.2' ],
225 silly audit   '@rollup/rollup-linux-ppc64-gnu': [ '4.62.2' ],
225 silly audit   '@rollup/rollup-linux-ppc64-musl': [ '4.62.2' ],
225 silly audit   '@rollup/rollup-linux-riscv64-gnu': [ '4.62.2' ],
225 silly audit   '@rollup/rollup-linux-riscv64-musl': [ '4.62.2' ],
225 silly audit   '@rollup/rollup-linux-s390x-gnu': [ '4.62.2' ],
225 silly audit   '@rollup/rollup-linux-x64-gnu': [ '4.62.2' ],
225 silly audit   '@rollup/rollup-linux-x64-musl': [ '4.62.2' ],
225 silly audit   '@rollup/rollup-openbsd-x64': [ '4.62.2' ],
225 silly audit   '@rollup/rollup-openharmony-arm64': [ '4.62.2' ],
225 silly audit   '@rollup/rollup-win32-arm64-msvc': [ '4.62.2' ],
225 silly audit   '@rollup/rollup-win32-ia32-msvc': [ '4.62.2' ],
225 silly audit   '@rollup/rollup-win32-x64-gnu': [ '4.62.2' ],
225 silly audit   '@rollup/rollup-win32-x64-msvc': [ '4.62.2' ],
225 silly audit   '@types/babel__core': [ '7.20.5' ],
225 silly audit   '@types/babel__generator': [ '7.27.0' ],
225 silly audit   '@types/babel__template': [ '7.4.4' ],
225 silly audit   '@types/babel__traverse': [ '7.28.0' ],
225 silly audit   '@types/estree': [ '1.0.9' ],
225 silly audit   'adler-32': [ '1.3.1' ],
225 silly audit   'any-promise': [ '1.3.0' ],
225 silly audit   anymatch: [ '3.1.3' ],
225 silly audit   arg: [ '5.0.2' ],
225 silly audit   autoprefixer: [ '10.5.1' ],
225 silly audit   'baseline-browser-mapping': [ '2.10.38' ],
225 silly audit   'binary-extensions': [ '2.3.0' ],
225 silly audit   braces: [ '3.0.3' ],
225 silly audit   browserslist: [ '4.28.4' ],
225 silly audit   'camelcase-css': [ '2.0.1' ],
225 silly audit   'caniuse-lite': [ '1.0.30001799' ],
225 silly audit   cfb: [ '1.2.2' ],
225 silly audit   chokidar: [ '3.6.0' ],
225 silly audit   'glob-parent': [ '5.1.2', '6.0.2' ],
225 silly audit   codepage: [ '1.15.0' ],
225 silly audit   commander: [ '4.1.1' ],
225 silly audit   'convert-source-map': [ '2.0.0' ],
225 silly audit   'crc-32': [ '1.2.2' ],
225 silly audit   cssesc: [ '3.0.0' ],
225 silly audit   debug: [ '4.4.3' ],
225 silly audit   didyoumean: [ '1.2.2' ],
225 silly audit   dlv: [ '1.1.3' ],
225 silly audit   'electron-to-chromium': [ '1.5.378' ],
225 silly audit   'es-errors': [ '1.3.0' ],
225 silly audit   escalade: [ '3.2.0' ],
225 silly audit   'fast-glob': [ '3.3.3' ],
225 silly audit   fastq: [ '1.20.1' ],
225 silly audit   'fill-range': [ '7.1.1' ],
225 silly audit   frac: [ '1.1.2' ],
225 silly audit   'fraction.js': [ '5.3.4' ],
225 silly audit   fsevents: [ '2.3.3' ],
225 silly audit   'function-bind': [ '1.1.2' ],
225 silly audit   gensync: [ '1.0.0-beta.2' ],
225 silly audit   hasown: [ '2.0.4' ],
225 silly audit   'is-binary-path': [ '2.1.0' ],
225 silly audit   'is-core-module': [ '2.16.2' ],
225 silly audit   'is-extglob': [ '2.1.1' ],
225 silly audit   'is-glob': [ '4.0.3' ],
225 silly audit   'is-number': [ '7.0.0' ],
225 silly audit   jiti: [ '1.21.7' ],
225 silly audit   'js-tokens': [ '4.0.0' ],
225 silly audit   jsesc: [ '3.1.0' ],
225 silly audit   json5: [ '2.2.3' ],
225 silly audit   lilconfig: [ '3.1.3' ],
225 silly audit   'lines-and-columns': [ '1.2.4' ],
225 silly audit   'lru-cache': [ '5.1.1' ],
225 silly audit   merge2: [ '1.4.1' ],
225 silly audit   micromatch: [ '4.0.8' ],
225 silly audit   ms: [ '2.1.3' ],
225 silly audit   mz: [ '2.7.0' ],
225 silly audit   nanoid: [ '3.3.15' ],
225 silly audit   'node-releases': [ '2.0.48' ],
225 silly audit   'normalize-path': [ '3.0.0' ],
225 silly audit   'object-assign': [ '4.1.1' ],
225 silly audit   'object-hash': [ '3.0.0' ],
225 silly audit   'path-parse': [ '1.0.7' ],
225 silly audit   picocolors: [ '1.1.1' ],
225 silly audit   picomatch: [ '2.3.2', '4.0.4' ],
225 silly audit   pify: [ '2.3.0' ],
225 silly audit   pirates: [ '4.0.7' ],
225 silly audit   postcss: [ '8.5.15' ],
225 silly audit   'postcss-import': [ '15.1.0' ],
225 silly audit   'postcss-js': [ '4.1.0' ],
225 silly audit   'postcss-load-config': [ '6.0.1' ],
225 silly audit   'postcss-nested': [ '6.2.0' ],
225 silly audit   'postcss-selector-parser': [ '6.1.4' ],
225 silly audit   'postcss-value-parser': [ '4.2.0' ],
225 silly audit   'queue-microtask': [ '1.2.3' ],
225 silly audit   'read-cache': [ '1.0.0' ],
225 silly audit   readdirp: [ '3.6.0' ],
225 silly audit   resolve: [ '1.22.12' ],
225 silly audit   reusify: [ '1.1.0' ],
225 silly audit   rollup: [ '4.62.2' ],
225 silly audit   'run-parallel': [ '1.2.0' ],
225 silly audit   semver: [ '6.3.1' ],
225 silly audit   'source-map-js': [ '1.2.1' ],
225 silly audit   ssf: [ '0.11.2' ],
225 silly audit   sucrase: [ '3.35.1' ],
225 silly audit   'supports-preserve-symlinks-flag': [ '1.0.0' ],
225 silly audit   tailwindcss: [ '3.4.19' ],
225 silly audit   thenify: [ '3.3.1' ],
225 silly audit   'thenify-all': [ '1.6.0' ],
225 silly audit   tinyglobby: [ '0.2.17' ],
225 silly audit   fdir: [ '6.5.0' ],
225 silly audit   'to-regex-range': [ '5.0.1' ],
225 silly audit   'ts-interface-checker': [ '0.1.13' ],
225 silly audit   'update-browserslist-db': [ '1.2.3' ],
225 silly audit   'util-deprecate': [ '1.0.2' ],
225 silly audit   wmf: [ '1.0.2' ],
225 silly audit   word: [ '0.3.0' ],
225 silly audit   xlsx: [ '0.18.5' ],
225 silly audit   yallist: [ '3.1.1' ],
225 silly audit   '@vitejs/plugin-react': [ '4.7.0' ],
225 silly audit   react: [ '18.3.1' ],
225 silly audit   'react-dom': [ '18.3.1' ],
225 silly audit   vite: [ '5.4.21' ],
225 silly audit   '@rolldown/pluginutils': [ '1.0.0-beta.27' ],
225 silly audit   'react-refresh': [ '0.17.0' ],
225 silly audit   'loose-envify': [ '1.4.0' ],
225 silly audit   scheduler: [ '0.23.2' ],
225 silly audit   esbuild: [ '0.21.5' ],
225 silly audit   '@esbuild/aix-ppc64': [ '0.21.5' ],
225 silly audit   '@esbuild/android-arm': [ '0.21.5' ],
225 silly audit   '@esbuild/android-arm64': [ '0.21.5' ],
225 silly audit   '@esbuild/android-x64': [ '0.21.5' ],
225 silly audit   '@esbuild/darwin-arm64': [ '0.21.5' ],
225 silly audit   '@esbuild/darwin-x64': [ '0.21.5' ],
225 silly audit   '@esbuild/freebsd-arm64': [ '0.21.5' ],
225 silly audit   '@esbuild/freebsd-x64': [ '0.21.5' ],
225 silly audit   '@esbuild/linux-arm': [ '0.21.5' ],
225 silly audit   '@esbuild/linux-arm64': [ '0.21.5' ],
225 silly audit   '@esbuild/linux-ia32': [ '0.21.5' ],
225 silly audit   '@esbuild/linux-loong64': [ '0.21.5' ],
225 silly audit   '@esbuild/linux-mips64el': [ '0.21.5' ],
225 silly audit   '@esbuild/linux-ppc64': [ '0.21.5' ],
225 silly audit   '@esbuild/linux-riscv64': [ '0.21.5' ],
225 silly audit   '@esbuild/linux-s390x': [ '0.21.5' ],
225 silly audit   '@esbuild/linux-x64': [ '0.21.5' ],
225 silly audit   '@esbuild/netbsd-x64': [ '0.21.5' ],
225 silly audit   '@esbuild/openbsd-x64': [ '0.21.5' ],
225 silly audit   '@esbuild/sunos-x64': [ '0.21.5' ],
225 silly audit   '@esbuild/win32-arm64': [ '0.21.5' ],
225 silly audit   '@esbuild/win32-ia32': [ '0.21.5' ],
225 silly audit   '@esbuild/win32-x64': [ '0.21.5' ]
225 silly audit }
226 http cache vite@https://registry.npmjs.org/vite/-/vite-5.4.21.tgz 0ms (cache hit)
227 http cache loose-envify@https://registry.npmjs.org/loose-envify/-/loose-envify-1.4.0.tgz 0ms (cache hit)
228 http cache @rolldown/pluginutils@https://registry.npmjs.org/@rolldown/pluginutils/-/pluginutils-1.0.0-beta.27.tgz 0ms (cache hit)
229 http cache @esbuild/win32-x64@https://registry.npmjs.org/@esbuild/win32-x64/-/win32-x64-0.21.5.tgz 0ms (cache hit)
230 http cache scheduler@https://registry.npmjs.org/scheduler/-/scheduler-0.23.2.tgz 0ms (cache hit)
231 http cache @vitejs/plugin-react@https://registry.npmjs.org/@vitejs/plugin-react/-/plugin-react-4.7.0.tgz 0ms (cache hit)
232 silly tarball no local data for vite@https://registry.npmjs.org/vite/-/vite-5.4.21.tgz. Extracting by manifest.
233 http cache react@https://registry.npmjs.org/react/-/react-18.3.1.tgz 0ms (cache hit)
234 silly tarball no local data for loose-envify@https://registry.npmjs.org/loose-envify/-/loose-envify-1.4.0.tgz. Extracting by manifest.
235 silly tarball no local data for @rolldown/pluginutils@https://registry.npmjs.org/@rolldown/pluginutils/-/pluginutils-1.0.0-beta.27.tgz. Extracting by manifest.
236 silly tarball no local data for @esbuild/win32-x64@https://registry.npmjs.org/@esbuild/win32-x64/-/win32-x64-0.21.5.tgz. Extracting by manifest.
237 http cache react-dom@https://registry.npmjs.org/react-dom/-/react-dom-18.3.1.tgz 0ms (cache hit)
238 silly tarball no local data for scheduler@https://registry.npmjs.org/scheduler/-/scheduler-0.23.2.tgz. Extracting by manifest.
239 silly tarball no local data for @vitejs/plugin-react@https://registry.npmjs.org/@vitejs/plugin-react/-/plugin-react-4.7.0.tgz. Extracting by manifest.
240 http cache react-refresh@https://registry.npmjs.org/react-refresh/-/react-refresh-0.17.0.tgz 0ms (cache hit)
241 http cache esbuild@https://registry.npmjs.org/esbuild/-/esbuild-0.21.5.tgz 0ms (cache hit)
242 silly tarball no local data for react@https://registry.npmjs.org/react/-/react-18.3.1.tgz. Extracting by manifest.
243 silly tarball no local data for react-dom@https://registry.npmjs.org/react-dom/-/react-dom-18.3.1.tgz. Extracting by manifest.
244 silly tarball no local data for react-refresh@https://registry.npmjs.org/react-refresh/-/react-refresh-0.17.0.tgz. Extracting by manifest.
245 silly tarball no local data for esbuild@https://registry.npmjs.org/esbuild/-/esbuild-0.21.5.tgz. Extracting by manifest.
246 http fetch POST 200 https://registry.npmjs.org/-/npm/v1/security/advisories/bulk 110ms
247 silly audit report {
247 silly audit report   xlsx: [
247 silly audit report     {
247 silly audit report       id: 1108110,
247 silly audit report       url: 'https://github.com/advisories/GHSA-4r6h-8v6p-xvw6',
247 silly audit report       title: 'Prototype Pollution in sheetJS',
247 silly audit report       severity: 'high',
247 silly audit report       vulnerable_versions: '<0.19.3',
247 silly audit report       cwe: [Array],
247 silly audit report       cvss: [Object]
247 silly audit report     },
247 silly audit report     {
247 silly audit report       id: 1108111,
247 silly audit report       url: 'https://github.com/advisories/GHSA-5pgg-2g8v-p4x9',
247 silly audit report       title: 'SheetJS Regular Expression Denial of Service (ReDoS)',
247 silly audit report       severity: 'high',
247 silly audit report       vulnerable_versions: '<0.20.2',
247 silly audit report       cwe: [Array],
247 silly audit report       cvss: [Object]
247 silly audit report     }
247 silly audit report   ],
247 silly audit report   vite: [
247 silly audit report     {
247 silly audit report       id: 1120784,
247 silly audit report       url: 'https://github.com/advisories/GHSA-v6wh-96g9-6wx3',
247 silly audit report       title: 'launch-editor: NTLMv2 hash disclosure via UNC path handling on Windows',
247 silly audit report       severity: 'moderate',
247 silly audit report       vulnerable_versions: '<=6.4.2',
247 silly audit report       cwe: [Array],
247 silly audit report       cvss: [Object]
247 silly audit report     },
247 silly audit report     {
247 silly audit report       id: 1120789,
247 silly audit report       url: 'https://github.com/advisories/GHSA-fx2h-pf6j-xcff',
247 silly audit report       title: 'vite: `server.fs.deny` bypass on Windows alternate paths',
247 silly audit report       severity: 'high',
247 silly audit report       vulnerable_versions: '<=6.4.2',
247 silly audit report       cwe: [Array],
247 silly audit report       cvss: [Object]
247 silly audit report     },
247 silly audit report     {
247 silly audit report       id: 1116229,
247 silly audit report       url: 'https://github.com/advisories/GHSA-4w7w-66w2-5vf9',
247 silly audit report       title: 'Vite Vulnerable to Path Traversal in Optimized Deps `.map` Handling',
247 silly audit report       severity: 'moderate',
247 silly audit report       vulnerable_versions: '<=6.4.1',
247 silly audit report       cwe: [Array],
247 silly audit report       cvss: [Object]
247 silly audit report     }
247 silly audit report   ],
247 silly audit report   esbuild: [
247 silly audit report     {
247 silly audit report       id: 1102341,
247 silly audit report       url: 'https://github.com/advisories/GHSA-67mh-4wv8-2f99',
247 silly audit report       title: 'esbuild enables any website to send any requests to the development server and read the response',
247 silly audit report       severity: 'moderate',
247 silly audit report       vulnerable_versions: '<=0.24.2',
247 silly audit report       cwe: [Array],
247 silly audit report       cvss: [Object]
247 silly audit report     }
247 silly audit report   ]
247 silly audit report }
248 silly packumentCache corgi:https://registry.npmjs.org/xlsx cache-miss
249 silly packumentCache corgi:https://registry.npmjs.org/vite cache-miss
250 silly packumentCache corgi:https://registry.npmjs.org/esbuild cache-miss
251 http cache https://registry.npmjs.org/esbuild 33ms (cache hit)
252 silly packumentCache corgi:https://registry.npmjs.org/esbuild set size:887361 disposed:false
253 http cache https://registry.npmjs.org/xlsx 63ms (cache hit)
254 silly packumentCache corgi:https://registry.npmjs.org/xlsx set size:134408 disposed:false
255 http cache https://registry.npmjs.org/vite 73ms (cache hit)
256 silly packumentCache corgi:https://registry.npmjs.org/vite set size:2267606 disposed:false
257 silly packumentCache corgi:https://registry.npmjs.org/@vitejs%2fplugin-react cache-miss
258 http fetch GET 200 https://registry.npmjs.org/loose-envify/-/loose-envify-1.4.0.tgz 342ms (cache miss)
259 http fetch GET 200 https://registry.npmjs.org/@rolldown/pluginutils/-/pluginutils-1.0.0-beta.27.tgz 348ms (cache miss)
260 http fetch GET 200 https://registry.npmjs.org/react-refresh/-/react-refresh-0.17.0.tgz 351ms (cache miss)
261 http fetch GET 200 https://registry.npmjs.org/@vitejs/plugin-react/-/plugin-react-4.7.0.tgz 389ms (cache miss)
262 http fetch GET 200 https://registry.npmjs.org/esbuild/-/esbuild-0.21.5.tgz 375ms (cache miss)
263 http fetch GET 200 https://registry.npmjs.org/scheduler/-/scheduler-0.23.2.tgz 412ms (cache miss)
264 http fetch GET 200 https://registry.npmjs.org/@vitejs%2fplugin-react 126ms (cache miss)
265 silly packumentCache corgi:https://registry.npmjs.org/@vitejs%2fplugin-react set size:undefined disposed:false
266 http fetch GET 200 https://registry.npmjs.org/react/-/react-18.3.1.tgz 590ms (cache miss)
267 http fetch GET 200 https://registry.npmjs.org/vite/-/vite-5.4.21.tgz 746ms (cache miss)
268 http fetch GET 200 https://registry.npmjs.org/@esbuild/win32-x64/-/win32-x64-0.21.5.tgz 762ms (cache miss)
269 http fetch GET 200 https://registry.npmjs.org/react-dom/-/react-dom-18.3.1.tgz 1012ms (cache miss)
270 info run esbuild@0.21.5 postinstall node_modules/esbuild node install.js
271 info run esbuild@0.21.5 postinstall { code: 0, signal: null }
272 silly ADD node_modules/loose-envify
273 silly CHANGE node_modules/@vitejs/plugin-react
274 silly CHANGE node_modules/@rolldown/pluginutils
275 silly CHANGE node_modules/@esbuild/win32-x64
276 silly CHANGE node_modules/vite
277 silly REMOVE node_modules/vite/node_modules/fdir
278 silly REMOVE node_modules/vite/node_modules/picomatch
279 silly CHANGE node_modules/scheduler
280 silly CHANGE node_modules/react-refresh
281 silly CHANGE node_modules/react
282 silly CHANGE node_modules/react-dom
283 silly CHANGE node_modules/esbuild
284 verbose cwd C:\Users\owenc\OneDrive\Documents\Stale Check Organizer
285 verbose os Windows_NT 10.0.26200
286 verbose node v24.16.0
287 verbose npm  v11.13.0
288 verbose exit 0
289 info ok
